2025-01-31T00:00:15.578Z  INFO 17008 --- [recrutement-tuteurs-api] [http-nio-8080-exec-1] o.a.c.c.C.[Tomcat].[localhost].[/]       : Initializing Spring DispatcherServlet 'dispatcherServlet'
2025-01-31T00:00:15.592Z  INFO 17008 --- [recrutement-tuteurs-api] [http-nio-8080-exec-1] o.s.web.servlet.DispatcherServlet        : Initializing Servlet 'dispatcherServlet'
2025-01-31T00:00:15.592Z DEBUG 17008 --- [recrutement-tuteurs-api] [http-nio-8080-exec-1] o.s.web.servlet.DispatcherServlet        : Detected StandardServletMultipartResolver
2025-01-31T00:00:15.592Z DEBUG 17008 --- [recrutement-tuteurs-api] [http-nio-8080-exec-1] o.s.web.servlet.DispatcherServlet        : Detected AcceptHeaderLocaleResolver
2025-01-31T00:00:15.593Z DEBUG 17008 --- [recrutement-tuteurs-api] [http-nio-8080-exec-1] o.s.web.servlet.DispatcherServlet        : Detected FixedThemeResolver
2025-01-31T00:00:15.595Z DEBUG 17008 --- [recrutement-tuteurs-api] [http-nio-8080-exec-1] o.s.web.servlet.DispatcherServlet        : Detected org.springframework.web.servlet.view.DefaultRequestToViewNameTranslator@472dc215
2025-01-31T00:00:15.596Z DEBUG 17008 --- [recrutement-tuteurs-api] [http-nio-8080-exec-1] o.s.web.servlet.DispatcherServlet        : Detected org.springframework.web.servlet.support.SessionFlashMapManager@2f143ea
2025-01-31T00:00:15.597Z DEBUG 17008 --- [recrutement-tuteurs-api] [http-nio-8080-exec-1] o.s.web.servlet.DispatcherServlet        : enableLoggingRequestDetails='false': request parameters and headers will be masked to prevent unsafe logging of potentially sensitive data
2025-01-31T00:00:15.597Z  INFO 17008 --- [recrutement-tuteurs-api] [http-nio-8080-exec-1] o.s.web.servlet.DispatcherServlet        : Completed initialization in 5 ms
2025-01-31T00:00:15.661Z DEBUG 17008 --- [recrutement-tuteurs-api] [http-nio-8080-exec-1] o.s.security.web.FilterChainProxy        : Securing GET /swagger-ui/index.html
2025-01-31T00:00:15.678Z DEBUG 17008 --- [recrutement-tuteurs-api] [http-nio-8080-exec-1] o.s.s.w.a.AnonymousAuthenticationFilter  : Set SecurityContextHolder to anonymous SecurityContext
2025-01-31T00:00:15.681Z DEBUG 17008 --- [recrutement-tuteurs-api] [http-nio-8080-exec-1] o.s.security.web.FilterChainProxy        : Secured GET /swagger-ui/index.html
2025-01-31T00:00:15.687Z DEBUG 17008 --- [recrutement-tuteurs-api] [http-nio-8080-exec-1] o.s.web.servlet.DispatcherServlet        : GET "/swagger-ui/index.html", parameters={}
2025-01-31T00:00:15.696Z DEBUG 17008 --- [recrutement-tuteurs-api] [http-nio-8080-exec-1] o.s.w.s.handler.SimpleUrlHandlerMapping  : Mapped to ResourceHttpRequestHandler [classpath [META-INF/resources/webjars/]]
2025-01-31T00:00:15.715Z DEBUG 17008 --- [recrutement-tuteurs-api] [http-nio-8080-exec-1] o.j.s.OpenEntityManagerInViewInterceptor : Opening JPA EntityManager in OpenEntityManagerInViewInterceptor
2025-01-31T00:00:15.764Z DEBUG 17008 --- [recrutement-tuteurs-api] [http-nio-8080-exec-1] o.j.s.OpenEntityManagerInViewInterceptor : Closing JPA EntityManager in OpenEntityManagerInViewInterceptor
2025-01-31T00:00:15.765Z DEBUG 17008 --- [recrutement-tuteurs-api] [http-nio-8080-exec-1] o.s.web.servlet.DispatcherServlet        : Completed 200 OK
2025-01-31T00:00:15.865Z DEBUG 17008 --- [recrutement-tuteurs-api] [http-nio-8080-exec-2] o.s.security.web.FilterChainProxy        : Securing GET /swagger-ui/swagger-ui.css
2025-01-31T00:00:15.866Z DEBUG 17008 --- [recrutement-tuteurs-api] [http-nio-8080-exec-2] o.s.s.w.a.AnonymousAuthenticationFilter  : Set SecurityContextHolder to anonymous SecurityContext
2025-01-31T00:00:15.866Z DEBUG 17008 --- [recrutement-tuteurs-api] [http-nio-8080-exec-2] o.s.security.web.FilterChainProxy        : Secured GET /swagger-ui/swagger-ui.css
2025-01-31T00:00:15.866Z DEBUG 17008 --- [recrutement-tuteurs-api] [http-nio-8080-exec-2] o.s.web.servlet.DispatcherServlet        : GET "/swagger-ui/swagger-ui.css", parameters={}
2025-01-31T00:00:15.868Z DEBUG 17008 --- [recrutement-tuteurs-api] [http-nio-8080-exec-2] o.s.w.s.handler.SimpleUrlHandlerMapping  : Mapped to ResourceHttpRequestHandler [classpath [META-INF/resources/webjars/]]
2025-01-31T00:00:15.868Z DEBUG 17008 --- [recrutement-tuteurs-api] [http-nio-8080-exec-2] o.j.s.OpenEntityManagerInViewInterceptor : Opening JPA EntityManager in OpenEntityManagerInViewInterceptor
2025-01-31T00:00:15.881Z DEBUG 17008 --- [recrutement-tuteurs-api] [http-nio-8080-exec-2] o.j.s.OpenEntityManagerInViewInterceptor : Closing JPA EntityManager in OpenEntityManagerInViewInterceptor
2025-01-31T00:00:15.881Z DEBUG 17008 --- [recrutement-tuteurs-api] [http-nio-8080-exec-2] o.s.web.servlet.DispatcherServlet        : Completed 200 OK
2025-01-31T00:00:15.897Z DEBUG 17008 --- [recrutement-tuteurs-api] [http-nio-8080-exec-3] o.s.security.web.FilterChainProxy        : Securing GET /swagger-ui/index.css
2025-01-31T00:00:15.897Z DEBUG 17008 --- [recrutement-tuteurs-api] [http-nio-8080-exec-3] o.s.s.w.a.AnonymousAuthenticationFilter  : Set SecurityContextHolder to anonymous SecurityContext
2025-01-31T00:00:15.897Z DEBUG 17008 --- [recrutement-tuteurs-api] [http-nio-8080-exec-3] o.s.security.web.FilterChainProxy        : Secured GET /swagger-ui/index.css
2025-01-31T00:00:15.897Z DEBUG 17008 --- [recrutement-tuteurs-api] [http-nio-8080-exec-3] o.s.web.servlet.DispatcherServlet        : GET "/swagger-ui/index.css", parameters={}
2025-01-31T00:00:15.898Z DEBUG 17008 --- [recrutement-tuteurs-api] [http-nio-8080-exec-3] o.s.w.s.handler.SimpleUrlHandlerMapping  : Mapped to ResourceHttpRequestHandler [classpath [META-INF/resources/webjars/]]
2025-01-31T00:00:15.898Z DEBUG 17008 --- [recrutement-tuteurs-api] [http-nio-8080-exec-3] o.j.s.OpenEntityManagerInViewInterceptor : Opening JPA EntityManager in OpenEntityManagerInViewInterceptor
2025-01-31T00:00:15.907Z DEBUG 17008 --- [recrutement-tuteurs-api] [http-nio-8080-exec-3] o.j.s.OpenEntityManagerInViewInterceptor : Closing JPA EntityManager in OpenEntityManagerInViewInterceptor
2025-01-31T00:00:15.908Z DEBUG 17008 --- [recrutement-tuteurs-api] [http-nio-8080-exec-3] o.s.web.servlet.DispatcherServlet        : Completed 200 OK
2025-01-31T00:00:15.912Z DEBUG 17008 --- [recrutement-tuteurs-api] [http-nio-8080-exec-3] o.s.security.web.FilterChainProxy        : Securing GET /swagger-ui/swagger-ui-bundle.js
2025-01-31T00:00:15.912Z DEBUG 17008 --- [recrutement-tuteurs-api] [http-nio-8080-exec-3] o.s.s.w.a.AnonymousAuthenticationFilter  : Set SecurityContextHolder to anonymous SecurityContext
2025-01-31T00:00:15.912Z DEBUG 17008 --- [recrutement-tuteurs-api] [http-nio-8080-exec-3] o.s.security.web.FilterChainProxy        : Secured GET /swagger-ui/swagger-ui-bundle.js
2025-01-31T00:00:15.912Z DEBUG 17008 --- [recrutement-tuteurs-api] [http-nio-8080-exec-3] o.s.web.servlet.DispatcherServlet        : GET "/swagger-ui/swagger-ui-bundle.js", parameters={}
2025-01-31T00:00:15.913Z DEBUG 17008 --- [recrutement-tuteurs-api] [http-nio-8080-exec-3] o.s.w.s.handler.SimpleUrlHandlerMapping  : Mapped to ResourceHttpRequestHandler [classpath [META-INF/resources/webjars/]]
2025-01-31T00:00:15.914Z DEBUG 17008 --- [recrutement-tuteurs-api] [http-nio-8080-exec-3] o.j.s.OpenEntityManagerInViewInterceptor : Opening JPA EntityManager in OpenEntityManagerInViewInterceptor
2025-01-31T00:00:15.914Z DEBUG 17008 --- [recrutement-tuteurs-api] [http-nio-8080-exec-4] o.s.security.web.FilterChainProxy        : Securing GET /swagger-ui/swagger-ui-standalone-preset.js
2025-01-31T00:00:15.915Z DEBUG 17008 --- [recrutement-tuteurs-api] [http-nio-8080-exec-4] o.s.s.w.a.AnonymousAuthenticationFilter  : Set SecurityContextHolder to anonymous SecurityContext
2025-01-31T00:00:15.915Z DEBUG 17008 --- [recrutement-tuteurs-api] [http-nio-8080-exec-4] o.s.security.web.FilterChainProxy        : Secured GET /swagger-ui/swagger-ui-standalone-preset.js
2025-01-31T00:00:15.915Z DEBUG 17008 --- [recrutement-tuteurs-api] [http-nio-8080-exec-4] o.s.web.servlet.DispatcherServlet        : GET "/swagger-ui/swagger-ui-standalone-preset.js", parameters={}
2025-01-31T00:00:15.917Z DEBUG 17008 --- [recrutement-tuteurs-api] [http-nio-8080-exec-4] o.s.w.s.handler.SimpleUrlHandlerMapping  : Mapped to ResourceHttpRequestHandler [classpath [META-INF/resources/webjars/]]
2025-01-31T00:00:15.917Z DEBUG 17008 --- [recrutement-tuteurs-api] [http-nio-8080-exec-4] o.j.s.OpenEntityManagerInViewInterceptor : Opening JPA EntityManager in OpenEntityManagerInViewInterceptor
2025-01-31T00:00:15.934Z DEBUG 17008 --- [recrutement-tuteurs-api] [http-nio-8080-exec-5] o.s.security.web.FilterChainProxy        : Securing GET /swagger-ui/swagger-initializer.js
2025-01-31T00:00:15.959Z DEBUG 17008 --- [recrutement-tuteurs-api] [http-nio-8080-exec-5] o.s.s.w.a.AnonymousAuthenticationFilter  : Set SecurityContextHolder to anonymous SecurityContext
2025-01-31T00:00:15.960Z DEBUG 17008 --- [recrutement-tuteurs-api] [http-nio-8080-exec-5] o.s.security.web.FilterChainProxy        : Secured GET /swagger-ui/swagger-initializer.js
2025-01-31T00:00:15.960Z DEBUG 17008 --- [recrutement-tuteurs-api] [http-nio-8080-exec-5] o.s.web.servlet.DispatcherServlet        : GET "/swagger-ui/swagger-initializer.js", parameters={}
2025-01-31T00:00:15.961Z DEBUG 17008 --- [recrutement-tuteurs-api] [http-nio-8080-exec-4] o.j.s.OpenEntityManagerInViewInterceptor : Closing JPA EntityManager in OpenEntityManagerInViewInterceptor
2025-01-31T00:00:15.961Z DEBUG 17008 --- [recrutement-tuteurs-api] [http-nio-8080-exec-4] o.s.web.servlet.DispatcherServlet        : Completed 200 OK
2025-01-31T00:00:15.961Z DEBUG 17008 --- [recrutement-tuteurs-api] [http-nio-8080-exec-5] o.s.w.s.handler.SimpleUrlHandlerMapping  : Mapped to ResourceHttpRequestHandler [classpath [META-INF/resources/webjars/]]
2025-01-31T00:00:15.962Z DEBUG 17008 --- [recrutement-tuteurs-api] [http-nio-8080-exec-5] o.j.s.OpenEntityManagerInViewInterceptor : Opening JPA EntityManager in OpenEntityManagerInViewInterceptor
2025-01-31T00:00:16.109Z DEBUG 17008 --- [recrutement-tuteurs-api] [http-nio-8080-exec-3] o.j.s.OpenEntityManagerInViewInterceptor : Closing JPA EntityManager in OpenEntityManagerInViewInterceptor
2025-01-31T00:00:16.110Z DEBUG 17008 --- [recrutement-tuteurs-api] [http-nio-8080-exec-3] o.s.web.servlet.DispatcherServlet        : Completed 200 OK
2025-01-31T00:00:16.210Z DEBUG 17008 --- [recrutement-tuteurs-api] [http-nio-8080-exec-5] o.j.s.OpenEntityManagerInViewInterceptor : Closing JPA EntityManager in OpenEntityManagerInViewInterceptor
2025-01-31T00:00:16.210Z DEBUG 17008 --- [recrutement-tuteurs-api] [http-nio-8080-exec-5] o.s.web.servlet.DispatcherServlet        : Completed 200 OK
2025-01-31T00:00:17.546Z DEBUG 17008 --- [recrutement-tuteurs-api] [http-nio-8080-exec-7] o.s.security.web.FilterChainProxy        : Securing GET /v3/api-docs/swagger-config
2025-01-31T00:00:17.546Z DEBUG 17008 --- [recrutement-tuteurs-api] [http-nio-8080-exec-7] o.s.s.w.a.AnonymousAuthenticationFilter  : Set SecurityContextHolder to anonymous SecurityContext
2025-01-31T00:00:17.547Z DEBUG 17008 --- [recrutement-tuteurs-api] [http-nio-8080-exec-7] o.s.security.web.FilterChainProxy        : Secured GET /v3/api-docs/swagger-config
2025-01-31T00:00:17.547Z DEBUG 17008 --- [recrutement-tuteurs-api] [http-nio-8080-exec-7] o.s.web.servlet.DispatcherServlet        : GET "/v3/api-docs/swagger-config", parameters={}
2025-01-31T00:00:17.547Z DEBUG 17008 --- [recrutement-tuteurs-api] [http-nio-8080-exec-7] s.w.s.m.m.a.RequestMappingHandlerMapping : Mapped to org.springdoc.webmvc.ui.SwaggerConfigResource#openapiJson(HttpServletRequest)
2025-01-31T00:00:17.547Z DEBUG 17008 --- [recrutement-tuteurs-api] [http-nio-8080-exec-7] o.j.s.OpenEntityManagerInViewInterceptor : Opening JPA EntityManager in OpenEntityManagerInViewInterceptor
2025-01-31T00:00:17.586Z DEBUG 17008 --- [recrutement-tuteurs-api] [http-nio-8080-exec-7] m.m.a.RequestResponseBodyMethodProcessor : Using 'application/json', given [*/*] and supported [application/json]
2025-01-31T00:00:17.636Z DEBUG 17008 --- [recrutement-tuteurs-api] [http-nio-8080-exec-7] m.m.a.RequestResponseBodyMethodProcessor : Writing [{configUrl=/v3/api-docs/swagger-config, oauth2RedirectUrl=http://localhost:8080/swagger-ui/oauth2-re (truncated)...]
2025-01-31T00:00:17.646Z DEBUG 17008 --- [recrutement-tuteurs-api] [http-nio-8080-exec-7] o.j.s.OpenEntityManagerInViewInterceptor : Closing JPA EntityManager in OpenEntityManagerInViewInterceptor
2025-01-31T00:00:17.647Z DEBUG 17008 --- [recrutement-tuteurs-api] [http-nio-8080-exec-7] o.s.web.servlet.DispatcherServlet        : Completed 200 OK
2025-01-31T00:00:17.783Z DEBUG 17008 --- [recrutement-tuteurs-api] [http-nio-8080-exec-8] o.s.security.web.FilterChainProxy        : Securing GET /v3/api-docs
2025-01-31T00:00:17.784Z DEBUG 17008 --- [recrutement-tuteurs-api] [http-nio-8080-exec-8] o.s.s.w.a.AnonymousAuthenticationFilter  : Set SecurityContextHolder to anonymous SecurityContext
2025-01-31T00:00:17.785Z DEBUG 17008 --- [recrutement-tuteurs-api] [http-nio-8080-exec-8] o.s.security.web.FilterChainProxy        : Secured GET /v3/api-docs
2025-01-31T00:00:17.785Z DEBUG 17008 --- [recrutement-tuteurs-api] [http-nio-8080-exec-8] o.s.web.servlet.DispatcherServlet        : GET "/v3/api-docs", parameters={}
2025-01-31T00:00:17.786Z DEBUG 17008 --- [recrutement-tuteurs-api] [http-nio-8080-exec-8] s.w.s.m.m.a.RequestMappingHandlerMapping : Mapped to org.springdoc.webmvc.api.OpenApiWebMvcResource#openapiJson(HttpServletRequest, String, Locale)
2025-01-31T00:00:17.786Z DEBUG 17008 --- [recrutement-tuteurs-api] [http-nio-8080-exec-8] o.j.s.OpenEntityManagerInViewInterceptor : Opening JPA EntityManager in OpenEntityManagerInViewInterceptor
2025-01-31T00:00:19.826Z  INFO 17008 --- [recrutement-tuteurs-api] [http-nio-8080-exec-8] o.springdoc.api.AbstractOpenApiResource  : Init duration for springdoc-openapi is: 2020 ms
2025-01-31T00:00:19.851Z DEBUG 17008 --- [recrutement-tuteurs-api] [http-nio-8080-exec-8] m.m.a.RequestResponseBodyMethodProcessor : Using 'application/json', given [application/json, */*] and supported [application/json]
2025-01-31T00:00:19.856Z DEBUG 17008 --- [recrutement-tuteurs-api] [http-nio-8080-exec-8] m.m.a.RequestResponseBodyMethodProcessor : Writing [{123, 34, 111, 112, 101, 110, 97, 112, 105, 34, 58, 34, 51, 46, 49, 46, 48, 34, 44, 34, 105, 110, 10 (truncated)...]
2025-01-31T00:00:19.857Z DEBUG 17008 --- [recrutement-tuteurs-api] [http-nio-8080-exec-8] o.j.s.OpenEntityManagerInViewInterceptor : Closing JPA EntityManager in OpenEntityManagerInViewInterceptor
2025-01-31T00:00:19.857Z DEBUG 17008 --- [recrutement-tuteurs-api] [http-nio-8080-exec-8] o.s.web.servlet.DispatcherServlet        : Completed 200 OK
